<?xml version="1.0" encoding="UTF-8"?>
<testsuite xmlns:xsi="http://www.w3.org/2001/XMLSchema-instance" xsi:noNamespaceSchemaLocation="https://maven.apache.org/surefire/maven-surefire-plugin/xsd/surefire-test-report-3.0.xsd" version="3.0" name="dev.nirmal.userservicetestfinal.RegisteredClientAddingTest" time="31.056" tests="1" errors="1" skipped="0" failures="0">
  <properties>
[...]
</properties>
  <testcase name="addRegisteredClient" classname="dev.nirmal.userservicetestfinal.RegisteredClientAddingTest" time="1.625">
    <error message="Registered client must be unique. Found duplicate client identifier: productService" type="java.lang.IllegalArgumentException"><![CDATA[java.lang.IllegalArgumentException: Registered client must be unique. Found duplicate client identifier: productService
	at org.springframework.security.oauth2.server.authorization.client.InMemoryRegisteredClientRepository.lambda$assertUniqueIdentifiers$0(InMemoryRegisteredClientRepository.java:104)
	at java.base/java.util.concurrent.ConcurrentHashMap$ValuesView.forEach(ConcurrentHashMap.java:4783)
	at org.springframework.security.oauth2.server.authorization.client.InMemoryRegisteredClientRepository.assertUniqueIdentifiers(InMemoryRegisteredClientRepository.java:97)
	at org.springframework.security.oauth2.server.authorization.client.InMemoryRegisteredClientRepository.save(InMemoryRegisteredClientRepository.java:76)
	at dev.nirmal.userservicetestfinal.RegisteredClientAddingTest.addRegisteredClient(RegisteredClientAddingTest.java:41)
	at java.base/jdk.internal.reflect.DirectMethodHandleAccessor.invoke(DirectMethodHandleAccessor.java:104)
	at java.base/java.lang.reflect.Method.invoke(Method.java:578)
	at org.junit.platform.commons.util.ReflectionUtils.invokeMethod(ReflectionUtils.java:727)
	at org.junit.jupiter.engine.execution.MethodInvocation.proceed(MethodInvocation.java:60)
	at org.junit.jupiter.engine.execution.InvocationInterceptorChain$ValidatingInvocation.proceed(InvocationInterceptorChain.java:131)
	at org.junit.jupiter.engine.extension.TimeoutExtension.intercept(TimeoutExtension.java:156)
	at org.junit.jupiter.engine.extension.TimeoutExtension.interceptTestableMethod(TimeoutExtension.java:147)
	at org.junit.jupiter.engine.extension.TimeoutExtension.interceptTestMethod(TimeoutExtension.java:86)
	at org.junit.jupiter.engine.execution.InterceptingExecutableInvoker$ReflectiveInterceptorCall.lambda$ofVoidMethod$0(InterceptingExecutableInvoker.java:103)
	at org.junit.jupiter.engine.execution.InterceptingExecutableInvoker.lambda$invoke$0(InterceptingExecutableInvoker.java:93)
	at org.junit.jupiter.engine.execution.InvocationInterceptorChain$InterceptedInvocation.proceed(InvocationInterceptorChain.java:106)
	at org.junit.jupiter.engine.execution.InvocationInterceptorChain.proceed(InvocationInterceptorChain.java:64)
	at org.junit.jupiter.engine.execution.InvocationInterceptorChain.chainAndInvoke(InvocationInterceptorChain.java:45)
	at org.junit.jupiter.engine.execution.InvocationInterceptorChain.invoke(InvocationInterceptorChain.java:37)
	at org.junit.jupiter.engine.execution.InterceptingExecutableInvoker.invoke(InterceptingExecutableInvoker.java:92)
	at org.junit.jupiter.engine.execution.InterceptingExecutableInvoker.invoke(InterceptingExecutableInvoker.java:86)
	at org.junit.jupiter.engine.descriptor.TestMethodTestDescriptor.lambda$invokeTestMethod$7(TestMethodTestDescriptor.java:217)
	at org.junit.platform.engine.support.hierarchical.ThrowableCollector.execute(ThrowableCollector.java:73)
	at org.junit.jupiter.engine.descriptor.TestMethodTestDescriptor.invokeTestMethod(TestMethodTestDescriptor.java:213)
	at org.junit.jupiter.engine.descriptor.TestMethodTestDescriptor.execute(TestMethodTestDescriptor.java:138)
	at org.junit.jupiter.engine.descriptor.TestMethodTestDescriptor.execute(TestMethodTestDescriptor.java:68)
	at org.junit.platform.engine.support.hierarchical.NodeTestTask.lambda$executeRecursively$6(NodeTestTask.java:151)
	at org.junit.platform.engine.support.hierarchical.ThrowableCollector.execute(ThrowableCollector.java:73)
	at org.junit.platform.engine.support.hierarchical.NodeTestTask.lambda$executeRecursively$8(NodeTestTask.java:141)
	at org.junit.platform.engine.support.hierarchical.Node.around(Node.java:137)
	at org.junit.platform.engine.support.hierarchical.NodeTestTask.lambda$executeRecursively$9(NodeTestTask.java:139)
	at org.junit.platform.engine.support.hierarchical.ThrowableCollector.execute(ThrowableCollector.java:73)
	at org.junit.platform.engine.support.hierarchical.NodeTestTask.executeRecursively(NodeTestTask.java:138)
	at org.junit.platform.engine.support.hierarchical.NodeTestTask.execute(NodeTestTask.java:95)
	at java.base/java.util.ArrayList.forEach(ArrayList.java:1511)
	at org.junit.platform.engine.support.hierarchical.SameThreadHierarchicalTestExecutorService.invokeAll(SameThreadHierarchicalTestExecutorService.java:41)
	at org.junit.platform.engine.support.hierarchical.NodeTestTask.lambda$executeRecursively$6(NodeTestTask.java:155)
	at org.junit.platform.engine.support.hierarchical.ThrowableCollector.execute(ThrowableCollector.java:73)
	at org.junit.platform.engine.support.hierarchical.NodeTestTask.lambda$executeRecursively$8(NodeTestTask.java:141)
	at org.junit.platform.engine.support.hierarchical.Node.around(Node.java:137)
	at org.junit.platform.engine.support.hierarchical.NodeTestTask.lambda$executeRecursively$9(NodeTestTask.java:139)
	at org.junit.platform.engine.support.hierarchical.ThrowableCollector.execute(ThrowableCollector.java:73)
	at org.junit.platform.engine.support.hierarchical.NodeTestTask.executeRecursively(NodeTestTask.java:138)
	at org.junit.platform.engine.support.hierarchical.NodeTestTask.execute(NodeTestTask.java:95)
	at java.base/java.util.ArrayList.forEach(ArrayList.java:1511)
	at org.junit.platform.engine.support.hierarchical.SameThreadHierarchicalTestExecutorService.invokeAll(SameThreadHierarchicalTestExecutorService.java:41)
	at org.junit.platform.engine.support.hierarchical.NodeTestTask.lambda$executeRecursively$6(NodeTestTask.java:155)
	at org.junit.platform.engine.support.hierarchical.ThrowableCollector.execute(ThrowableCollector.java:73)
	at org.junit.platform.engine.support.hierarchical.NodeTestTask.lambda$executeRecursively$8(NodeTestTask.java:141)
	at org.junit.platform.engine.support.hierarchical.Node.around(Node.java:137)
	at org.junit.platform.engine.support.hierarchical.NodeTestTask.lambda$executeRecursively$9(NodeTestTask.java:139)
	at org.junit.platform.engine.support.hierarchical.ThrowableCollector.execute(ThrowableCollector.java:73)
	at org.junit.platform.engine.support.hierarchical.NodeTestTask.executeRecursively(NodeTestTask.java:138)
	at org.junit.platform.engine.support.hierarchical.NodeTestTask.execute(NodeTestTask.java:95)
	at org.junit.platform.engine.support.hierarchical.SameThreadHierarchicalTestExecutorService.submit(SameThreadHierarchicalTestExecutorService.java:35)
	at org.junit.platform.engine.support.hierarchical.HierarchicalTestExecutor.execute(HierarchicalTestExecutor.java:57)
	at org.junit.platform.engine.support.hierarchical.HierarchicalTestEngine.execute(HierarchicalTestEngine.java:54)
	at org.junit.platform.launcher.core.EngineExecutionOrchestrator.execute(EngineExecutionOrchestrator.java:147)
	at org.junit.platform.launcher.core.EngineExecutionOrchestrator.execute(EngineExecutionOrchestrator.java:127)
	at org.junit.platform.launcher.core.EngineExecutionOrchestrator.execute(EngineExecutionOrchestrator.java:90)
	at org.junit.platform.launcher.core.EngineExecutionOrchestrator.lambda$execute$0(EngineExecutionOrchestrator.java:55)
	at org.junit.platform.launcher.core.EngineExecutionOrchestrator.withInterceptedStreams(EngineExecutionOrchestrator.java:102)
	at org.junit.platform.launcher.core.EngineExecutionOrchestrator.execute(EngineExecutionOrchestrator.java:54)
	at org.junit.platform.launcher.core.DefaultLauncher.execute(DefaultLauncher.java:114)
	at org.junit.platform.launcher.core.DefaultLauncher.execute(DefaultLauncher.java:86)
	at org.junit.platform.launcher.core.DefaultLauncherSession$DelegatingLauncher.execute(DefaultLauncherSession.java:86)
	at org.apache.maven.surefire.junitplatform.LazyLauncher.execute(LazyLauncher.java:50)
	at org.apache.maven.surefire.junitplatform.JUnitPlatformProvider.execute(JUnitPlatformProvider.java:184)
	at org.apache.maven.surefire.junitplatform.JUnitPlatformProvider.invokeAllTests(JUnitPlatformProvider.java:148)
	at org.apache.maven.surefire.junitplatform.JUnitPlatformProvider.invoke(JUnitPlatformProvider.java:122)
	at org.apache.maven.surefire.booter.ForkedBooter.runSuitesInProcess(ForkedBooter.java:385)
	at org.apache.maven.surefire.booter.ForkedBooter.execute(ForkedBooter.java:162)
	at org.apache.maven.surefire.booter.ForkedBooter.run(ForkedBooter.java:507)
	at org.apache.maven.surefire.booter.ForkedBooter.main(ForkedBooter.java:495)
]]></error>
    <system-out><![CDATA[20:49:19.600 [main] INFO org.springframework.test.context.support.AnnotationConfigContextLoaderUtils -- Could not detect default configuration classes for test class [dev.nirmal.userservicetestfinal.RegisteredClientAddingTest]: RegisteredClientAddingTest does not declare any static, non-private, non-final, nested classes annotated with @Configuration.
20:49:19.958 [main] INFO org.springframework.boot.test.context.SpringBootTestContextBootstrapper -- Found @SpringBootConfiguration dev.nirmal.userservicetestfinal.UserservicetestfinalApplication for test class dev.nirmal.userservicetestfinal.RegisteredClientAddingTest

  .   ____          _            __ _ _
 /\\ / ___'_ __ _ _(_)_ __  __ _ \ \ \ \
( ( )\___ | '_ | '_| | '_ \/ _` | \ \ \ \
 \\/  ___)| |_)| | | | | || (_| |  ) ) ) )
  '  |____| .__|_| |_|_| |_\__, | / / / /
 =========|_|==============|___/=/_/_/_/
 :: Spring Boot ::                (v3.1.4)

2024-02-15T20:49:21.406+05:30  INFO 14436 --- [           main] d.n.u.RegisteredClientAddingTest         : Starting RegisteredClientAddingTest using Java 20.0.1 with PID 14436 (started by nirma in H:\JAVA WORKSPACE FOR WORK\BackEndProject\Userservice)
2024-02-15T20:49:21.410+05:30  INFO 14436 --- [           main] d.n.u.RegisteredClientAddingTest         : No active profile set, falling back to 1 default profile: "default"
2024-02-15T20:49:25.501+05:30  INFO 14436 --- [           main] .s.d.r.c.RepositoryConfigurationDelegate : Bootstrapping Spring Data JPA repositories in DEFAULT mode.
2024-02-15T20:49:25.733+05:30  INFO 14436 --- [           main] .s.d.r.c.RepositoryConfigurationDelegate : Finished Spring Data repository scanning in 210 ms. Found 6 JPA repository interfaces.
2024-02-15T20:49:28.069+05:30  INFO 14436 --- [           main] o.f.c.internal.license.VersionPrinter    : Flyway Community Edition 9.16.3 by Redgate
2024-02-15T20:49:28.069+05:30  INFO 14436 --- [           main] o.f.c.internal.license.VersionPrinter    : See release notes here: https://rd.gt/416ObMi
2024-02-15T20:49:28.069+05:30  INFO 14436 --- [           main] o.f.c.internal.license.VersionPrinter    : 
2024-02-15T20:49:28.143+05:30  INFO 14436 --- [           main] com.zaxxer.hikari.HikariDataSource       : HikariPool-1 - Starting...
2024-02-15T20:49:29.965+05:30  INFO 14436 --- [           main] com.zaxxer.hikari.pool.HikariPool        : HikariPool-1 - Added connection com.mysql.cj.jdbc.ConnectionImpl@4601047
2024-02-15T20:49:30.222+05:30  INFO 14436 --- [           main] com.zaxxer.hikari.HikariDataSource       : HikariPool-1 - Start completed.
2024-02-15T20:49:30.323+05:30  INFO 14436 --- [           main] o.f.c.i.database.base.BaseDatabaseType   : Database: jdbc:mysql://localhost:3306/userservicetestfinalapplication (MySQL 8.0)
2024-02-15T20:49:30.889+05:30  INFO 14436 --- [           main] o.f.core.internal.command.DbValidate     : Successfully validated 2 migrations (execution time 00:00.168s)
2024-02-15T20:49:30.941+05:30  INFO 14436 --- [           main] o.f.core.internal.command.DbMigrate      : Current version of schema `userservicetestfinalapplication`: 2
2024-02-15T20:49:30.944+05:30  INFO 14436 --- [           main] o.f.core.internal.command.DbMigrate      : Schema `userservicetestfinalapplication` is up to date. No migration necessary.
2024-02-15T20:49:32.364+05:30  INFO 14436 --- [           main] o.hibernate.jpa.internal.util.LogHelper  : HHH000204: Processing PersistenceUnitInfo [name: default]
2024-02-15T20:49:32.621+05:30  INFO 14436 --- [           main] org.hibernate.Version                    : HHH000412: Hibernate ORM core version 6.2.9.Final
2024-02-15T20:49:32.639+05:30  INFO 14436 --- [           main] org.hibernate.cfg.Environment            : HHH000406: Using bytecode reflection optimizer
2024-02-15T20:49:33.408+05:30  INFO 14436 --- [           main] o.h.b.i.BytecodeProviderInitiator        : HHH000021: Bytecode provider name : bytebuddy
2024-02-15T20:49:33.950+05:30  INFO 14436 --- [           main] o.s.o.j.p.SpringPersistenceUnitInfo      : No LoadTimeWeaver setup: ignoring JPA class transformer
2024-02-15T20:49:35.117+05:30  INFO 14436 --- [           main] o.h.b.i.BytecodeProviderInitiator        : HHH000021: Bytecode provider name : bytebuddy
2024-02-15T20:49:37.884+05:30  INFO 14436 --- [           main] o.h.e.t.j.p.i.JtaPlatformInitiator       : HHH000490: Using JtaPlatform implementation: [org.hibernate.engine.transaction.jta.platform.internal.NoJtaPlatform]
2024-02-15T20:49:38.184+05:30  INFO 14436 --- [           main] j.LocalContainerEntityManagerFactoryBean : Initialized JPA EntityManagerFactory for persistence unit 'default'
2024-02-15T20:49:41.120+05:30  INFO 14436 --- [           main] o.s.d.j.r.query.QueryEnhancerFactory     : Hibernate is in classpath; If applicable, HQL parser will be used.
2024-02-15T20:49:42.800+05:30  WARN 14436 --- [           main] JpaBaseConfiguration$JpaWebConfiguration : spring.jpa.open-in-view is enabled by default. Therefore, database queries may be performed during view rendering. Explicitly configure spring.jpa.open-in-view to disable this warning
2024-02-15T20:49:42.853+05:30 TRACE 14436 --- [           main] eGlobalAuthenticationAutowiredConfigurer : Eagerly initializing {securityConfig=dev.nirmal.userservicetestfinal.security.SecurityConfig$$SpringCGLIB$$0@473c491}
2024-02-15T20:49:44.954+05:30  INFO 14436 --- [           main] o.s.s.web.DefaultSecurityFilterChain     : Will secure org.springframework.security.oauth2.server.authorization.config.annotation.web.configurers.OAuth2AuthorizationServerConfigurer$$Lambda$1739/0x00000008019dca18@50ba10de with [org.springframework.security.web.session.DisableEncodeUrlFilter@518e9141, org.springframework.security.web.context.request.async.WebAsyncManagerIntegrationFilter@1ba84d52, org.springframework.security.web.context.SecurityContextHolderFilter@3299cc9f, org.springframework.security.oauth2.server.authorization.config.annotation.web.configurers.AuthorizationServerContextFilter@5f18a661, org.springframework.security.web.header.HeaderWriterFilter@8b814b, org.springframework.security.web.csrf.CsrfFilter@2c226db0, org.springframework.security.oauth2.server.authorization.oidc.web.OidcLogoutEndpointFilter@32fcccd4, org.springframework.security.web.authentication.logout.LogoutFilter@3ed79f41, org.springframework.security.oauth2.server.authorization.web.OAuth2AuthorizationServerMetadataEndpointFilter@6bd21eb7, org.springframework.security.oauth2.server.authorization.web.OAuth2AuthorizationEndpointFilter@23c07745, org.springframework.security.oauth2.server.authorization.web.OAuth2DeviceVerificationEndpointFilter@7c4663ec, org.springframework.security.oauth2.server.authorization.oidc.web.OidcProviderConfigurationEndpointFilter@2dba6013, org.springframework.security.oauth2.server.authorization.web.NimbusJwkSetEndpointFilter@49d5db99, org.springframework.security.oauth2.server.authorization.web.OAuth2ClientAuthenticationFilter@794fbf0d, org.springframework.security.oauth2.server.resource.web.authentication.BearerTokenAuthenticationFilter@9b87a98, org.springframework.security.web.savedrequest.RequestCacheAwareFilter@2e8488f4, org.springframework.security.web.servletapi.SecurityContextHolderAwareRequestFilter@1476e447, org.springframework.security.web.authentication.AnonymousAuthenticationFilter@42018e32, org.springframework.security.web.access.ExceptionTranslationFilter@2c2f4769, org.springframework.security.web.access.intercept.AuthorizationFilter@55a4a0ab, org.springframework.security.oauth2.server.authorization.web.OAuth2TokenEndpointFilter@69f01f4b, org.springframework.security.oauth2.server.authorization.web.OAuth2TokenIntrospectionEndpointFilter@24e63b9f, org.springframework.security.oauth2.server.authorization.web.OAuth2TokenRevocationEndpointFilter@282831ea, org.springframework.security.oauth2.server.authorization.web.OAuth2DeviceAuthorizationEndpointFilter@127c5f20, org.springframework.security.oauth2.server.authorization.oidc.web.OidcUserInfoEndpointFilter@72548e3c]
2024-02-15T20:49:44.982+05:30  INFO 14436 --- [           main] o.s.s.web.DefaultSecurityFilterChain     : Will secure any request with [org.springframework.security.web.session.DisableEncodeUrlFilter@3443732a, org.springframework.security.web.context.request.async.WebAsyncManagerIntegrationFilter@68950f25, org.springframework.security.web.context.SecurityContextHolderFilter@3808bdfc, org.springframework.security.web.header.HeaderWriterFilter@543669de, org.springframework.security.web.csrf.CsrfFilter@ced7e4a, org.springframework.security.web.authentication.logout.LogoutFilter@7194f5b, org.springframework.security.web.authentication.UsernamePasswordAuthenticationFilter@36cd58e7, org.springframework.security.web.authentication.ui.DefaultLoginPageGeneratingFilter@21f41593, org.springframework.security.web.authentication.ui.DefaultLogoutPageGeneratingFilter@e471cef, org.springframework.security.web.savedrequest.RequestCacheAwareFilter@5f709b99, org.springframework.security.web.servletapi.SecurityContextHolderAwareRequestFilter@46ebfc09, org.springframework.security.web.authentication.AnonymousAuthenticationFilter@7f2d681a, org.springframework.security.web.access.ExceptionTranslationFilter@af27e00, org.springframework.security.web.access.intercept.AuthorizationFilter@1fd226da]
2024-02-15T20:49:46.703+05:30  WARN 14436 --- [           main] ion$DefaultTemplateResolverConfiguration : Cannot find template location: classpath:/templates/ (please add some templates, check your Thymeleaf configuration, or set spring.thymeleaf.check-template-location=false)
2024-02-15T20:49:47.643+05:30  INFO 14436 --- [           main] o.s.b.a.e.web.EndpointLinksResolver      : Exposing 1 endpoint(s) beneath base path '/actuator'
2024-02-15T20:49:47.869+05:30  INFO 14436 --- [           main] d.n.u.RegisteredClientAddingTest         : Started RegisteredClientAddingTest in 27.406 seconds (process running for 31.381)
]]></system-out>
  </testcase>
</testsuite>