<?xml version="1.0" encoding="UTF-8"?>
<testsuite xmlns:xsi="http://www.w3.org/2001/XMLSchema-instance" xsi:noNamespaceSchemaLocation="https://maven.apache.org/surefire/maven-surefire-plugin/xsd/surefire-test-report-3.0.xsd" version="3.0" name="dev.nirmal.userservicetestfinal.UserservicetestfinalApplicationTests" time="31.053" tests="1" errors="0" skipped="0" failures="0">
  <properties>
[...]
</properties>
  <testcase name="contextLoads" classname="dev.nirmal.userservicetestfinal.UserservicetestfinalApplicationTests" time="1.529">
    <system-out><![CDATA[20:51:56.435 [main] INFO org.springframework.test.context.support.AnnotationConfigContextLoaderUtils -- Could not detect default configuration classes for test class [dev.nirmal.userservicetestfinal.UserservicetestfinalApplicationTests]: UserservicetestfinalApplicationTests does not declare any static, non-private, non-final, nested classes annotated with @Configuration.
20:51:57.144 [main] INFO org.springframework.boot.test.context.SpringBootTestContextBootstrapper -- Found @SpringBootConfiguration dev.nirmal.userservicetestfinal.UserservicetestfinalApplication for test class dev.nirmal.userservicetestfinal.UserservicetestfinalApplicationTests

  .   ____          _            __ _ _
 /\\ / ___'_ __ _ _(_)_ __  __ _ \ \ \ \
( ( )\___ | '_ | '_| | '_ \/ _` | \ \ \ \
 \\/  ___)| |_)| | | | | || (_| |  ) ) ) )
  '  |____| .__|_| |_|_| |_\__, | / / / /
 =========|_|==============|___/=/_/_/_/
 :: Spring Boot ::                (v3.1.4)

2024-02-15T20:51:58.906+05:30  INFO 11020 --- [           main] n.u.UserservicetestfinalApplicationTests : Starting UserservicetestfinalApplicationTests using Java 20.0.1 with PID 11020 (started by nirma in H:\JAVA WORKSPACE FOR WORK\BackEndProject\Userservice)
2024-02-15T20:51:58.909+05:30  INFO 11020 --- [           main] n.u.UserservicetestfinalApplicationTests : No active profile set, falling back to 1 default profile: "default"
2024-02-15T20:52:02.840+05:30  INFO 11020 --- [           main] .s.d.r.c.RepositoryConfigurationDelegate : Bootstrapping Spring Data JPA repositories in DEFAULT mode.
2024-02-15T20:52:03.063+05:30  INFO 11020 --- [           main] .s.d.r.c.RepositoryConfigurationDelegate : Finished Spring Data repository scanning in 196 ms. Found 6 JPA repository interfaces.
2024-02-15T20:52:05.190+05:30  INFO 11020 --- [           main] o.f.c.internal.license.VersionPrinter    : Flyway Community Edition 9.16.3 by Redgate
2024-02-15T20:52:05.190+05:30  INFO 11020 --- [           main] o.f.c.internal.license.VersionPrinter    : See release notes here: https://rd.gt/416ObMi
2024-02-15T20:52:05.191+05:30  INFO 11020 --- [           main] o.f.c.internal.license.VersionPrinter    : 
2024-02-15T20:52:05.243+05:30  INFO 11020 --- [           main] com.zaxxer.hikari.HikariDataSource       : HikariPool-1 - Starting...
2024-02-15T20:52:07.654+05:30  INFO 11020 --- [           main] com.zaxxer.hikari.pool.HikariPool        : HikariPool-1 - Added connection com.mysql.cj.jdbc.ConnectionImpl@3d40498a
2024-02-15T20:52:07.660+05:30  INFO 11020 --- [           main] com.zaxxer.hikari.HikariDataSource       : HikariPool-1 - Start completed.
2024-02-15T20:52:07.831+05:30  INFO 11020 --- [           main] o.f.c.i.database.base.BaseDatabaseType   : Database: jdbc:mysql://localhost:3306/userservicetestfinalapplication (MySQL 8.0)
2024-02-15T20:52:08.227+05:30  INFO 11020 --- [           main] o.f.core.internal.command.DbValidate     : Successfully validated 2 migrations (execution time 00:00.143s)
2024-02-15T20:52:08.265+05:30  INFO 11020 --- [           main] o.f.core.internal.command.DbMigrate      : Current version of schema `userservicetestfinalapplication`: 2
2024-02-15T20:52:08.268+05:30  INFO 11020 --- [           main] o.f.core.internal.command.DbMigrate      : Schema `userservicetestfinalapplication` is up to date. No migration necessary.
2024-02-15T20:52:08.720+05:30  INFO 11020 --- [           main] o.hibernate.jpa.internal.util.LogHelper  : HHH000204: Processing PersistenceUnitInfo [name: default]
2024-02-15T20:52:08.997+05:30  INFO 11020 --- [           main] org.hibernate.Version                    : HHH000412: Hibernate ORM core version 6.2.9.Final
2024-02-15T20:52:09.009+05:30  INFO 11020 --- [           main] org.hibernate.cfg.Environment            : HHH000406: Using bytecode reflection optimizer
2024-02-15T20:52:09.757+05:30  INFO 11020 --- [           main] o.h.b.i.BytecodeProviderInitiator        : HHH000021: Bytecode provider name : bytebuddy
2024-02-15T20:52:10.389+05:30  INFO 11020 --- [           main] o.s.o.j.p.SpringPersistenceUnitInfo      : No LoadTimeWeaver setup: ignoring JPA class transformer
2024-02-15T20:52:11.495+05:30  INFO 11020 --- [           main] o.h.b.i.BytecodeProviderInitiator        : HHH000021: Bytecode provider name : bytebuddy
2024-02-15T20:52:13.875+05:30  INFO 11020 --- [           main] o.h.e.t.j.p.i.JtaPlatformInitiator       : HHH000490: Using JtaPlatform implementation: [org.hibernate.engine.transaction.jta.platform.internal.NoJtaPlatform]
2024-02-15T20:52:14.076+05:30  INFO 11020 --- [           main] j.LocalContainerEntityManagerFactoryBean : Initialized JPA EntityManagerFactory for persistence unit 'default'
2024-02-15T20:52:17.014+05:30  INFO 11020 --- [           main] o.s.d.j.r.query.QueryEnhancerFactory     : Hibernate is in classpath; If applicable, HQL parser will be used.
2024-02-15T20:52:19.050+05:30  WARN 11020 --- [           main] JpaBaseConfiguration$JpaWebConfiguration : spring.jpa.open-in-view is enabled by default. Therefore, database queries may be performed during view rendering. Explicitly configure spring.jpa.open-in-view to disable this warning
2024-02-15T20:52:19.095+05:30 TRACE 11020 --- [           main] eGlobalAuthenticationAutowiredConfigurer : Eagerly initializing {securityConfig=dev.nirmal.userservicetestfinal.security.SecurityConfig$$SpringCGLIB$$0@106387cf}
2024-02-15T20:52:21.311+05:30  INFO 11020 --- [           main] o.s.s.web.DefaultSecurityFilterChain     : Will secure org.springframework.security.oauth2.server.authorization.config.annotation.web.configurers.OAuth2AuthorizationServerConfigurer$$Lambda$1739/0x00000008019e0440@674687b3 with [org.springframework.security.web.session.DisableEncodeUrlFilter@2bfe2327, org.springframework.security.web.context.request.async.WebAsyncManagerIntegrationFilter@5cbf423b, org.springframework.security.web.context.SecurityContextHolderFilter@60a54ad2, org.springframework.security.oauth2.server.authorization.config.annotation.web.configurers.AuthorizationServerContextFilter@78002333, org.springframework.security.web.header.HeaderWriterFilter@27131d01, org.springframework.security.web.csrf.CsrfFilter@158774d3, org.springframework.security.oauth2.server.authorization.oidc.web.OidcLogoutEndpointFilter@473048f9, org.springframework.security.web.authentication.logout.LogoutFilter@1d7135c, org.springframework.security.oauth2.server.authorization.web.OAuth2AuthorizationServerMetadataEndpointFilter@4af32714, org.springframework.security.oauth2.server.authorization.web.OAuth2AuthorizationEndpointFilter@43aa9ccd, org.springframework.security.oauth2.server.authorization.web.OAuth2DeviceVerificationEndpointFilter@5eace68f, org.springframework.security.oauth2.server.authorization.oidc.web.OidcProviderConfigurationEndpointFilter@4e885b9, org.springframework.security.oauth2.server.authorization.web.NimbusJwkSetEndpointFilter@32fcccd4, org.springframework.security.oauth2.server.authorization.web.OAuth2ClientAuthenticationFilter@2eb95662, org.springframework.security.oauth2.server.resource.web.authentication.BearerTokenAuthenticationFilter@69e3caa1, org.springframework.security.web.savedrequest.RequestCacheAwareFilter@597ef918, org.springframework.security.web.servletapi.SecurityContextHolderAwareRequestFilter@2c226db0, org.springframework.security.web.authentication.AnonymousAuthenticationFilter@1b3ba1e3, org.springframework.security.web.access.ExceptionTranslationFilter@4baf3987, org.springframework.security.web.access.intercept.AuthorizationFilter@db9ecd, org.springframework.security.oauth2.server.authorization.web.OAuth2TokenEndpointFilter@56ed6e17, org.springframework.security.oauth2.server.authorization.web.OAuth2TokenIntrospectionEndpointFilter@4398d, org.springframework.security.oauth2.server.authorization.web.OAuth2TokenRevocationEndpointFilter@2fbbdca, org.springframework.security.oauth2.server.authorization.web.OAuth2DeviceAuthorizationEndpointFilter@48b53f3d, org.springframework.security.oauth2.server.authorization.oidc.web.OidcUserInfoEndpointFilter@37eca4c0]
2024-02-15T20:52:21.358+05:30  INFO 11020 --- [           main] o.s.s.web.DefaultSecurityFilterChain     : Will secure any request with [org.springframework.security.web.session.DisableEncodeUrlFilter@4f755506, org.springframework.security.web.context.request.async.WebAsyncManagerIntegrationFilter@78ded8c9, org.springframework.security.web.context.SecurityContextHolderFilter@518e9141, org.springframework.security.web.header.HeaderWriterFilter@50ba10de, org.springframework.security.web.csrf.CsrfFilter@9b87a98, org.springframework.security.web.authentication.logout.LogoutFilter@3e07ccbf, org.springframework.security.web.authentication.UsernamePasswordAuthenticationFilter@591dd039, org.springframework.security.web.authentication.ui.DefaultLoginPageGeneratingFilter@42bd4a4c, org.springframework.security.web.authentication.ui.DefaultLogoutPageGeneratingFilter@5d685156, org.springframework.security.web.savedrequest.RequestCacheAwareFilter@1ba84d52, org.springframework.security.web.servletapi.SecurityContextHolderAwareRequestFilter@42018e32, org.springframework.security.web.authentication.AnonymousAuthenticationFilter@30926583, org.springframework.security.web.access.ExceptionTranslationFilter@75b598a5, org.springframework.security.web.access.intercept.AuthorizationFilter@58fe7e22]
2024-02-15T20:52:22.955+05:30  WARN 11020 --- [           main] ion$DefaultTemplateResolverConfiguration : Cannot find template location: classpath:/templates/ (please add some templates, check your Thymeleaf configuration, or set spring.thymeleaf.check-template-location=false)
2024-02-15T20:52:23.994+05:30  INFO 11020 --- [           main] o.s.b.a.e.web.EndpointLinksResolver      : Exposing 1 endpoint(s) beneath base path '/actuator'
2024-02-15T20:52:24.370+05:30  INFO 11020 --- [           main] n.u.UserservicetestfinalApplicationTests : Started UserservicetestfinalApplicationTests in 26.669 seconds (process running for 34.551)
]]></system-out>
  </testcase>
</testsuite>